ACTNUM
CGPT
CGPTF
CLPT
COPT
COPTS
CPR
CTFAC
CVIT
CVPT
CWIT
DATE
DATES
DENSITY
DIMENS
DISGAS
DX
DY
DZ
EDIT
END
EQLDIMS
EQUIL
FAQR
FAQT
FGIP
FGIPG
FGIPL
FGIR
FGIRH
FGIT
FGITH
FGOR
FGORH
FGPR
FGPRF
FGPRH
FGPRS
FGPT
FGPTF
FGPTH
FGPTS
FGPV
FGSAT
FHPV
FLPR
FLPRH
FLPT
FLPTH
FMWIN
FMWIP
FMWIT
FMWPP
FMWPR
FMWPT
FNQR
FNQT
FOE
FOEIG
FOEIW
FOEW
FOIP
FOIPG
FOIPL
FOIR
FOIRH
FOIT
FOITH
FOPR
FOPRF
FOPRH
FOPRS
FOPT
FOPTF
FOPTH
FOPTS
FOPV
FOSAT
FOVIS
FPR
FRPV
FRS
FVIR
FVIT
FVPR
FVPT
FWCT
FWCTH
FWIP
FWIR
FWIRH
FWIT
FWITH
FWPR
FWPRH
FWPT
FWPTH
FWPV
FWSAT
GAS
GGIR
GGIRH
GGIT
GGITH
GGOR
GGORH
GGPR
GGPRH
GGPT
GGPTH
GLPR
GLPRH
GLPT
GLPTH
GOIR
GOIRH
GOIT
GOITH
GOPR
GOPRH
GOPT
GOPTH
GRID
GRIDOPTS
GRIDUNIT
GWCT
GWCTH
GWIR
GWIRH
GWIT
GWITH
GWPR
GWPRH
GWPT
GWPTH
INCLUDE
INIT
MAPUNITS
MESSAGES
METRIC
MSGFILE
MULTZ
NOECHO
NOINSPEC
OIL
PERMX
PERMY
PERMZ
PORO
PROPS
PVDG
PVTO
PVTW
REGDIMS
REGIONS
RGIP
RGIPG
RGIPL
RGSAT
RHPV
ROCK
ROE
ROEIW
ROIP
ROIPG
ROIPL
ROPR
ROPT
ROSAT
RPR
RPTONLY
RPTRST
RPTSCHED
RPTSOL
RRPV
RRS
RSSPEC
RSVD
RUNSPEC
RWIP
RWIR
RWIT
RWPR
RWPT
RWSAT
SCHEDULE
SGOF
SMRYDIMS
SOLUTION
SPECGRID
START
SUMMARY
SWOF
TABDIMS
TITLE
TOPS
UNIFIN
UNIFOUT
WAPI
WATER
WBHP
WBHPH
WBP
WBP4
WBP5
WBP9
WEFF
WELLDIMS
WGIR
WGIRH
WGIT
WGITH
WGOR
WGORH
WGPR
WGPRF
WGPRH
WGPT
WGPTF
WGPTH
WLPR
WLPRH
WLPT
WLPTH
WOIR
WOIRH
WOIT
WOITH
WOPR
WOPRF
WOPRH
WOPRS
WOPT
WOPTF
WOPTH
WOPTS
WTHP
WTHPH
WTHT
WVIR
WVIT
WVPR
WVPT
WWCT
WWCTH
WWIR
WWIRH
WWIT
WWITH
WWPR
WWPRH
WWPT
WWPTH
