


 ########  #          ######   #           #
 #         #         #      #   #         # 
 #####     #         #      #    #   #   #  
 #         #         #      #     # # # #   
 #         #######    ######       #   #    

Flow is a simulator for fully implicit three-phase black-oil flow, and is part of OPM.
For more information visit: https://opm-project.org 

Flow Version     =  2020.04 ()
Machine name     =  DESKTOP-R9KC607 (Number of logical cores: 12, Memory size: 12270.71 MB) 
Operating system =  Linux x86_64 (Kernel: 4.19.104-microsoft-standard, #1 SMP Wed Feb 19 06:37:35 UTC 2020 )
Build time       =  2013-10-14 at 09:54:10 hrs
Simulation started on 11-08-2020 at 21:39:54 hrs
Parameters used by Flow:
# [known parameters which were specified at run-time]
EclDeckFileName="spe1.DATA" # default: ""
# [parameters which were specified at compile-time]
ContinueOnConvergenceError="0"
CprEllSolvetype="0"
CprMaxEllIter="20"
CprReuseSetup="0"
CprSolverVerbose="0"
CprUseDrs="0"
DbhpMaxRel="1"
DpMaxRel="0.3"
DsMax="0.2"
DwellFractionMax="0.2"
EclEnableDriftCompensation="0"
EclEnableTuning="0"
EclMaxTimeStepSizeAfterWellEvent="3.15576e+07"
EclNewtonRelaxedTolerance="1e+09"
EclNewtonRelaxedVolumeFraction="0.03"
EclNewtonStrictIterations="8"
EclNewtonSumTolerance="0.0001"
EclNewtonSumToleranceExponent="0.333333"
EclOutputDoublePrecision="0"
EclOutputInterval="-1"
EclRestartShrinkFactor="3"
EclStrictParsing="0"
EdgeWeightsMethod="1"
EnableAdaptiveTimeStepping="1"
EnableAsyncEclOutput="1"
EnableAsyncVtkOutput="1"
EnableDryRun="auto"
EnableEclOutput="1"
EnableGravity="1"
EnableGridAdaptation="0"
EnableIntensiveQuantityCache="1"
EnableLoggingFalloutWarning="0"
EnableOpmRstFile="0"
EnableStorageCache="1"
EnableTerminalOutput="1"
EnableThermodynamicHints="0"
EnableTracerModel="0"
EnableTuning="0"
EnableVtkOutput="0"
EnableWellOperabilityCheck="1"
EnableWriteAllSolutions="0"
EndTime="1e+100"
FlowLinearSolverVerbosity="0"
FlowNewtonMaxIterations="20"
FlowNewtonMinIterations="1"
ForceDisableFluidInPlaceOutput="0"
FullTimeStepInitially="0"
IgnoreKeywords=""
IluFillinLevel="0"
IluRedblack="0"
IluRelaxation="0.9"
IluReorderSpheres="0"
InitialTimeStepInDays="1"
InitialTimeStepSize="86400"
LinearSolverConfiguration="ilu0"
LinearSolverConfigurationJsonFile="none"
LinearSolverIgnoreConvergenceFailure="0"
LinearSolverMaxIter="200"
LinearSolverReduction="0.01"
LinearSolverRequireFullSparsityPattern="0"
LinearSolverRestart="40"
MatrixAddWellContributions="0"
MaxInnerIterMsWells="100"
MaxPressureChangeMsWells="1e+06"
MaxResidualAllowed="1e+07"
MaxSinglePrecisionDays="20"
MaxStrictIter="8"
MaxTimeStepDivisions="10"
MaxTimeStepSize="inf"
MaxWelleqIter="30"
MiluVariant="ILU"
MinTimeStepBeforeShuttingProblematicWellsInDays="0.25"
MinTimeStepSize="0"
NewtonMaxError="1e+10"
NewtonMaxIterations="14"
NewtonMaxRelax="0.5"
NewtonRelaxationType="dampen"
NewtonTargetIterations="6"
NewtonTolerance="0.01"
NewtonVerbose="1"
NewtonWriteConvergence="0"
OutputDir=""
OutputInterval="1"
OutputMode="all"
OwnerCellsFirst="1"
ParameterFile=""
PredeterminedTimeStepsFile=""
PriVarOscilationThreshold="1e-05"
PrintParameters="2"
PrintProperties="2"
RestartTime="-1e+35"
RestartWritingInterval="16777215"
ScaleLinearSystem="0"
SchedRestart="1"
SolveWelleqInitially="1"
SolverGrowthFactor="2"
SolverMaxGrowth="3"
SolverMaxRestarts="10"
SolverMaxTimeStepInDays="365"
SolverMinTimeStep="0"
SolverRestartFactor="0.33"
SolverVerbosity="1"
SystemStrategy="none"
ThreadsPerProcess="-1"
TimeStepAfterEventInDays="-1"
TimeStepControl="pid"
TimeStepControlDecayRate="0.75"
TimeStepControlFileName="timesteps"
TimeStepControlGrowthRate="1.25"
TimeStepControlTargetIterations="30"
TimeStepControlTargetNewtonIterations="8"
TimeStepControlTolerance="0.1"
TimeStepVerbosity="1"
ToleranceCnv="0.01"
ToleranceCnvRelaxed="1e+09"
ToleranceMb="1e-06"
TolerancePressureMsWells="1000"
ToleranceWellControl="1e-07"
ToleranceWells="0.0001"
UpdateEquationsScaling="0"
UseAmg="0"
UseCpr="0"
UseGmres="0"
UseGpu="0"
UseInnerIterationsMsWells="1"
UseMultisegmentWell="1"
UseUpdateStabilization="1"
VtkWriteAverageMolarMasses="0"
VtkWriteDensities="1"
VtkWriteDofIndex="0"
VtkWriteEclTracerConcentration="0"
VtkWriteExtrusionFactor="0"
VtkWriteFilterVelocities="0"
VtkWriteFugacities="0"
VtkWriteFugacityCoeffs="0"
VtkWriteGasDissolutionFactor="0"
VtkWriteGasFormationVolumeFactor="0"
VtkWriteGasSaturationPressure="0"
VtkWriteIntrinsicPermeabilities="0"
VtkWriteMassFractions="0"
VtkWriteMobilities="0"
VtkWriteMolarities="0"
VtkWriteMoleFractions="1"
VtkWriteOilFormationVolumeFactor="0"
VtkWriteOilSaturationPressure="0"
VtkWriteOilVaporizationFactor="0"
VtkWritePorosity="1"
VtkWritePotentialGradients="0"
VtkWritePressures="1"
VtkWritePrimaryVars="0"
VtkWritePrimaryVarsMeaning="0"
VtkWriteProcessRank="0"
VtkWriteRelativePermeabilities="1"
VtkWriteSaturatedGasOilVaporizationFactor="0"
VtkWriteSaturatedOilGasDissolutionFactor="0"
VtkWriteSaturationRatios="0"
VtkWriteSaturations="1"
VtkWriteTemperature="1"
VtkWriteTotalMassFractions="0"
VtkWriteTotalMoleFractions="0"
VtkWriteViscosities="0"
VtkWriteWaterFormationVolumeFactor="0"

    0 Reading RUNSPEC  in file /home/re/Documents/GitHub/simgame/game/workspace/spe2/spe1.DATA, line 1
    1 Reading TITLE    in file /home/re/Documents/GitHub/simgame/game/workspace/spe2/spe1.DATA, line 3
    2 Reading START    in file /home/re/Documents/GitHub/simgame/game/workspace/spe2/spe1.DATA, line 6
    3 Reading METRIC   in file /home/re/Documents/GitHub/simgame/game/workspace/spe2/spe1.DATA, line 9
    4 Reading UNIFIN   in file /home/re/Documents/GitHub/simgame/game/workspace/spe2/spe1.DATA, line 11
    5 Reading UNIFOUT  in file /home/re/Documents/GitHub/simgame/game/workspace/spe2/spe1.DATA, line 13
    6 Reading GAS      in file /home/re/Documents/GitHub/simgame/game/workspace/spe2/spe1.DATA, line 15
    7 Reading OIL      in file /home/re/Documents/GitHub/simgame/game/workspace/spe2/spe1.DATA, line 17
    8 Reading WATER    in file /home/re/Documents/GitHub/simgame/game/workspace/spe2/spe1.DATA, line 19
    9 Reading DISGAS   in file /home/re/Documents/GitHub/simgame/game/workspace/spe2/spe1.DATA, line 21
   10 Reading GRIDOPTS in file /home/re/Documents/GitHub/simgame/game/workspace/spe2/spe1.DATA, line 23
   11 Reading NOINSPEC in file /home/re/Documents/GitHub/simgame/game/workspace/spe2/spe1.DATA, line 27
   12 Reading DIMENS   in file /home/re/Documents/GitHub/simgame/game/workspace/spe2/spe1.DATA, line 30
   13 Reading TABDIMS  in file /home/re/Documents/GitHub/simgame/game/workspace/spe2/spe1.DATA, line 34
   14 Reading WELLDIMS in file /home/re/Documents/GitHub/simgame/game/workspace/spe2/spe1.DATA, line 37
   15 Reading MESSAGES in file /home/re/Documents/GitHub/simgame/game/workspace/spe2/spe1.DATA, line 41
   16 Reading NOECHO   in file /home/re/Documents/GitHub/simgame/game/workspace/spe2/spe1.DATA, line 44
   17 Reading GRID     in file /home/re/Documents/GitHub/simgame/game/workspace/spe2/spe1.DATA, line 47
   18 Reading INIT     in file /home/re/Documents/GitHub/simgame/game/workspace/spe2/spe1.DATA, line 49
   19 Reading MAPUNITS in file /home/re/Documents/GitHub/simgame/game/workspace/spe2/spe1_GGO.INC, line 2
   20 Reading GRIDUNIT in file /home/re/Documents/GitHub/simgame/game/workspace/spe2/spe1_GGO.INC, line 5
   21 Reading DX       in file /home/re/Documents/GitHub/simgame/game/workspace/spe2/spe1_GGO.INC, line 8
   22 Reading DY       in file /home/re/Documents/GitHub/simgame/game/workspace/spe2/spe1_GGO.INC, line 16
   23 Reading DZ       in file /home/re/Documents/GitHub/simgame/game/workspace/spe2/spe1_GGO.INC, line 24
   24 Reading TOPS     in file /home/re/Documents/GitHub/simgame/game/workspace/spe2/spe1_GGO.INC, line 28
   25 Reading PORO     in file /home/re/Documents/GitHub/simgame/game/workspace/spe2/spe1_GPRO.INC, line 1
   26 Reading PERMX    in file /home/re/Documents/GitHub/simgame/game/workspace/spe2/spe1_GPRO.INC, line 5
   27 Reading PERMY    in file /home/re/Documents/GitHub/simgame/game/workspace/spe2/spe1_GPRO.INC, line 9
   28 Reading PERMZ    in file /home/re/Documents/GitHub/simgame/game/workspace/spe2/spe1_GPRO.INC, line 13
   29 Reading ACTNUM   in file /home/re/Documents/GitHub/simgame/game/workspace/spe2/spe1_GPRO.INC, line 17
   30 Reading EDIT     in file /home/re/Documents/GitHub/simgame/game/workspace/spe2/spe1.DATA, line 61
   31 Reading PROPS    in file /home/re/Documents/GitHub/simgame/game/workspace/spe2/spe1.DATA, line 67

Error: Could not open file: /home/re/Documents/GitHub/simgame/game/workspace/spe2/spe1_PVT.INC


Error summary:
Warnings          0
Info              32
Errors            1
Bugs              0
Debug             0
Problems          0

